[debug] [2023-02-18T22:19:21.918Z] ----------------------------------------------------------------------
[debug] [2023-02-18T22:19:21.920Z] Command:       C:\Program Files\nodejs\node.exe C:\Users\administrateur\AppData\Roaming\npm\node_modules\firebase-tools\lib\bin\firebase.js init
[debug] [2023-02-18T22:19:21.920Z] CLI Version:   11.23.1
[debug] [2023-02-18T22:19:21.920Z] Platform:      win32
[debug] [2023-02-18T22:19:21.921Z] Node Version:  v14.20.0
[debug] [2023-02-18T22:19:21.921Z] Time:          Sat Feb 18 2023 23:19:21 GMT+0100 (heure normale d’Europe centrale)
[debug] [2023-02-18T22:19:21.922Z] ----------------------------------------------------------------------
[debug] 
[debug] [2023-02-18T22:19:21.926Z] >>> [apiv2][query] GET https://firebase-public.firebaseio.com/cli.json [none]
[debug] [2023-02-18T22:19:21.947Z] > command requires scopes: ["email","openid","https://www.googleapis.com/auth/cloudplatformprojects.readonly","https://www.googleapis.com/auth/firebase","https://www.googleapis.com/auth/cloud-platform"]
[debug] [2023-02-18T22:19:21.947Z] > authorizing via signed-in user (ousmanouboukar@gmail.com)
[info] 
     ######## #### ########  ######## ########     ###     ######  ########
     ##        ##  ##     ## ##       ##     ##  ##   ##  ##       ##
     ######    ##  ########  ######   ########  #########  ######  ######
     ##        ##  ##    ##  ##       ##     ## ##     ##       ## ##
     ##       #### ##     ## ######## ########  ##     ##  ######  ########

You're about to initialize a Firebase project in this directory:

  C:\Projects\sns-worktime-calculator

Before we get started, keep in mind:

  * You are currently outside your home directory

[info] 
=== Project Setup
[info] 
[info] First, let's associate this project directory with a Firebase project.
[info] You can create multiple project aliases by running firebase use --add, 
[info] but for now we'll just set up a default project.
[info] 
[debug] [2023-02-18T22:19:39.332Z] >>> [apiv2][query] GET https://firebase.googleapis.com/v1beta1/projects pageSize=100
[debug] [2023-02-18T22:19:40.654Z] <<< [apiv2][status] GET https://firebase.googleapis.com/v1beta1/projects 200
[debug] [2023-02-18T22:19:40.655Z] <<< [apiv2][body] GET https://firebase.googleapis.com/v1beta1/projects [omitted]
[warn] !  Unable to fetch the CLI MOTD and remote config. 
[debug] [2023-02-18T22:19:43.001Z] Failed to fetch MOTD FirebaseError: Failed to make request to https://firebase-public.firebaseio.com/cli.json
[info] i  Using project sns-worktime-calculator (sns-worktime-calculator) 
[info] 
=== Hosting Setup
[info] 
[info] Your public directory is the folder (relative to your project directory) that
[info] will contain Hosting assets to be uploaded with firebase deploy. If you
[info] have a build process for your assets, use your build's output directory.
[info] 
[debug] [2023-02-18T22:20:03.948Z] >>> [apiv2][query] GET https://www.gstatic.com/firebasejs/releases.json [none]
[debug] [2023-02-18T22:20:04.990Z] <<< [apiv2][status] GET https://www.gstatic.com/firebasejs/releases.json 200
[debug] [2023-02-18T22:20:04.991Z] <<< [apiv2][body] GET https://www.gstatic.com/firebasejs/releases.json {"current":{"version":"9.17.1","browserURL":"https://www.gstatic.com/firebasejs/9.17.1/firebase.js","packageURL":"https://www.gstatic.com/firebasejs/9.17.1/firebase.tgz"},"live":{"version":"9.17","browserURL":"https://www.gstatic.com/firebasejs/live/9.17/firebase.js","packageURL":"https://www.gstatic.com/firebasejs/live/9.17/firebase.tgz"},"components":{"analytics":"https://www.gstatic.com/firebasejs/9.17.1/firebase-analytics.js","app":"https://www.gstatic.com/firebasejs/9.17.1/firebase-app.js","app-check":"https://www.gstatic.com/firebasejs/9.17.1/firebase-app-check.js","auth":"https://www.gstatic.com/firebasejs/9.17.1/firebase-auth.js","auth/cordova":"https://www.gstatic.com/firebasejs/9.17.1/firebase-auth/cordova.js","auth/react-native":"https://www.gstatic.com/firebasejs/9.17.1/firebase-auth/react-native.js","functions":"https://www.gstatic.com/firebasejs/9.17.1/firebase-functions.js","firestore":"https://www.gstatic.com/firebasejs/9.17.1/firebase-firestore.js","firestore/lite":"https://www.gstatic.com/firebasejs/9.17.1/firebase-firestore/lite.js","installations":"https://www.gstatic.com/firebasejs/9.17.1/firebase-installations.js","storage":"https://www.gstatic.com/firebasejs/9.17.1/firebase-storage.js","performance":"https://www.gstatic.com/firebasejs/9.17.1/firebase-performance.js","remote-config":"https://www.gstatic.com/firebasejs/9.17.1/firebase-remote-config.js","messaging":"https://www.gstatic.com/firebasejs/9.17.1/firebase-messaging.js","messaging/sw":"https://www.gstatic.com/firebasejs/9.17.1/firebase-messaging/sw.js","database":"https://www.gstatic.com/firebasejs/9.17.1/firebase-database.js","firestore.memory":"https://www.gstatic.com/firebasejs/9.17.1/firebase-firestore.memory.js"}}
[info] +  Wrote public/index.html 
[info] 
[info] i  Detected a .git folder at C:\Projects\sns-worktime-calculator 
[info] i  Authorizing with GitHub to upload your service account to a GitHub repository's secrets store. 
[info] 
[info] Visit this URL on this device to log in:
[info] https://github.com/login/oauth/authorize?client_id=89cf50f02ac6aaed3484&state=749817503&redirect_uri=http%3A%2F%2Flocalhost%3A9005&scope=read%3Auser%20repo%20public_repo
[info] 
[info] Waiting for authentication...
[debug] [2023-02-18T22:20:27.788Z] >>> [apiv2][query] POST https://github.com/login/oauth/access_token [none]
[debug] [2023-02-18T22:20:27.789Z] >>> [apiv2][body] POST https://github.com/login/oauth/access_token [stream]
[debug] [2023-02-18T22:20:29.327Z] <<< [apiv2][status] POST https://github.com/login/oauth/access_token 200
[debug] [2023-02-18T22:20:29.327Z] <<< [apiv2][body] POST https://github.com/login/oauth/access_token {"access_token":"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","token_type":"bearer","scope":"read:user,repo"}
[debug] [2023-02-18T22:20:29.342Z] >>> [apiv2][query] GET https://api.github.com/user [none]
[debug] [2023-02-18T22:20:30.201Z] <<< [apiv2][status] GET https://api.github.com/user 200
[debug] [2023-02-18T22:20:30.201Z] <<< [apiv2][body] GET https://api.github.com/user {"login":"ob-ousman","id":119932291,"node_id":"U_kgDOByYFgw","avatar_url":"https://avatars.githubusercontent.com/u/119932291?v=4","gravatar_id":"","url":"https://api.github.com/users/ob-ousman","html_url":"https://github.com/ob-ousman","followers_url":"https://api.github.com/users/ob-ousman/followers","following_url":"https://api.github.com/users/ob-ousman/following{/other_user}","gists_url":"https://api.github.com/users/ob-ousman/gists{/gist_id}","starred_url":"https://api.github.com/users/ob-ousman/starred{/owner}{/repo}","subscriptions_url":"https://api.github.com/users/ob-ousman/subscriptions","organizations_url":"https://api.github.com/users/ob-ousman/orgs","repos_url":"https://api.github.com/users/ob-ousman/repos","events_url":"https://api.github.com/users/ob-ousman/events{/privacy}","received_events_url":"https://api.github.com/users/ob-ousman/received_events","type":"User","site_admin":false,"name":null,"company":null,"blog":"","location":null,"email":null,"hireable":null,"bio":null,"twitter_username":null,"public_repos":0,"public_gists":0,"followers":0,"following":0,"created_at":"2022-12-06T09:48:49Z","updated_at":"2023-02-18T22:21:48Z","private_gists":0,"total_private_repos":2,"owned_private_repos":2,"disk_usage":2213,"collaborators":0,"two_factor_authentication":false,"plan":{"name":"free","space":976562499,"collaborators":0,"private_repos":10000}}
[info] 
[info] +  Success! Logged into GitHub as ob-ousman 
[info] 
[debug] [2023-02-18T22:23:25.836Z] >>> [apiv2][query] GET https://api.github.com/repos/ob-ousman/sns-worktime-calculator/actions/secrets/public-key type=owner
[debug] [2023-02-18T22:23:26.622Z] <<< [apiv2][status] GET https://api.github.com/repos/ob-ousman/sns-worktime-calculator/actions/secrets/public-key 404
[debug] [2023-02-18T22:23:26.623Z] <<< [apiv2][body] GET https://api.github.com/repos/ob-ousman/sns-worktime-calculator/actions/secrets/public-key {"message":"Not Found","documentation_url":"https://docs.github.com/rest/reference/actions#get-a-repository-public-key"}
[debug] [2023-02-18T22:23:38.363Z] >>> [apiv2][query] GET https://api.github.com/repos/ob-ousman/sns-worktime-calculator/actions/secrets/public-key type=owner
[debug] [2023-02-18T22:23:39.104Z] <<< [apiv2][status] GET https://api.github.com/repos/ob-ousman/sns-worktime-calculator/actions/secrets/public-key 404
[debug] [2023-02-18T22:23:39.104Z] <<< [apiv2][body] GET https://api.github.com/repos/ob-ousman/sns-worktime-calculator/actions/secrets/public-key {"message":"Not Found","documentation_url":"https://docs.github.com/rest/reference/actions#get-a-repository-public-key"}
[debug] [2023-02-18T22:23:45.236Z] >>> [apiv2][query] GET https://api.github.com/repos/ob-ousman/sns-worktime-calculato/actions/secrets/public-key type=owner
[debug] [2023-02-18T22:23:45.977Z] <<< [apiv2][status] GET https://api.github.com/repos/ob-ousman/sns-worktime-calculato/actions/secrets/public-key 404
[debug] [2023-02-18T22:23:45.977Z] <<< [apiv2][body] GET https://api.github.com/repos/ob-ousman/sns-worktime-calculato/actions/secrets/public-key {"message":"Not Found","documentation_url":"https://docs.github.com/rest/reference/actions#get-a-repository-public-key"}
[debug] [2023-02-18T22:23:54.154Z] >>> [apiv2][query] GET https://api.github.com/repos/ob-ousman/sns-worktime-calculato/actions/secrets/public-key type=owner
[debug] [2023-02-18T22:23:54.981Z] <<< [apiv2][status] GET https://api.github.com/repos/ob-ousman/sns-worktime-calculato/actions/secrets/public-key 404
[debug] [2023-02-18T22:23:54.981Z] <<< [apiv2][body] GET https://api.github.com/repos/ob-ousman/sns-worktime-calculato/actions/secrets/public-key {"message":"Not Found","documentation_url":"https://docs.github.com/rest/reference/actions#get-a-repository-public-key"}
[debug] [2023-02-18T22:23:56.043Z] >>> [apiv2][query] GET https://api.github.com/repos/ob-ousman/sns-worktime-calculato/actions/secrets/public-key type=owner
[debug] [2023-02-18T22:23:56.799Z] <<< [apiv2][status] GET https://api.github.com/repos/ob-ousman/sns-worktime-calculato/actions/secrets/public-key 404
[debug] [2023-02-18T22:23:56.799Z] <<< [apiv2][body] GET https://api.github.com/repos/ob-ousman/sns-worktime-calculato/actions/secrets/public-key {"message":"Not Found","documentation_url":"https://docs.github.com/rest/reference/actions#get-a-repository-public-key"}
[debug] [2023-02-18T22:24:07.570Z] ----------------------------------------------------------------------
[debug] [2023-02-18T22:24:07.572Z] Command:       C:\Program Files\nodejs\node.exe C:\Users\administrateur\AppData\Roaming\npm\node_modules\firebase-tools\lib\bin\firebase.js init
[debug] [2023-02-18T22:24:07.573Z] CLI Version:   11.23.1
[debug] [2023-02-18T22:24:07.573Z] Platform:      win32
[debug] [2023-02-18T22:24:07.573Z] Node Version:  v14.20.0
[debug] [2023-02-18T22:24:07.574Z] Time:          Sat Feb 18 2023 23:24:07 GMT+0100 (heure normale d’Europe centrale)
[debug] [2023-02-18T22:24:07.574Z] ----------------------------------------------------------------------
[debug] 
[debug] [2023-02-18T22:24:07.579Z] >>> [apiv2][query] GET https://firebase-public.firebaseio.com/cli.json [none]
[debug] [2023-02-18T22:24:07.601Z] > command requires scopes: ["email","openid","https://www.googleapis.com/auth/cloudplatformprojects.readonly","https://www.googleapis.com/auth/firebase","https://www.googleapis.com/auth/cloud-platform"]
[debug] [2023-02-18T22:24:07.602Z] > authorizing via signed-in user (ousmanouboukar@gmail.com)
[info] 
     ######## #### ########  ######## ########     ###     ######  ########
     ##        ##  ##     ## ##       ##     ##  ##   ##  ##       ##
     ######    ##  ########  ######   ########  #########  ######  ######
     ##        ##  ##    ##  ##       ##     ## ##     ##       ## ##
     ##       #### ##     ## ######## ########  ##     ##  ######  ########

You're about to initialize a Firebase project in this directory:

  C:\Projects\sns-worktime-calculator

Before we get started, keep in mind:

  * You are currently outside your home directory

[info] 
=== Project Setup
[info] 
[info] First, let's associate this project directory with a Firebase project.
[info] You can create multiple project aliases by running firebase use --add, 
[info] but for now we'll just set up a default project.
[info] 
[debug] [2023-02-18T22:24:18.232Z] >>> [apiv2][query] GET https://firebase.googleapis.com/v1beta1/projects pageSize=100
[debug] [2023-02-18T22:24:19.564Z] <<< [apiv2][status] GET https://firebase.googleapis.com/v1beta1/projects 200
[debug] [2023-02-18T22:24:19.565Z] <<< [apiv2][body] GET https://firebase.googleapis.com/v1beta1/projects [omitted]
[info] i  Using project sns-worktime-calculator (sns-worktime-calculator) 
[info] 
=== Hosting Setup
[info] 
[info] Your public directory is the folder (relative to your project directory) that
[info] will contain Hosting assets to be uploaded with firebase deploy. If you
[info] have a build process for your assets, use your build's output directory.
[info] 
[warn] !  Unable to fetch the CLI MOTD and remote config. 
[debug] [2023-02-18T22:24:28.894Z] Failed to fetch MOTD FirebaseError: Failed to make request to https://firebase-public.firebaseio.com/cli.json
[debug] [2023-02-18T22:24:44.702Z] >>> [apiv2][query] GET https://www.gstatic.com/firebasejs/releases.json [none]
[debug] [2023-02-18T22:24:45.477Z] <<< [apiv2][status] GET https://www.gstatic.com/firebasejs/releases.json 200
[debug] [2023-02-18T22:24:45.478Z] <<< [apiv2][body] GET https://www.gstatic.com/firebasejs/releases.json {"current":{"version":"9.17.1","browserURL":"https://www.gstatic.com/firebasejs/9.17.1/firebase.js","packageURL":"https://www.gstatic.com/firebasejs/9.17.1/firebase.tgz"},"live":{"version":"9.17","browserURL":"https://www.gstatic.com/firebasejs/live/9.17/firebase.js","packageURL":"https://www.gstatic.com/firebasejs/live/9.17/firebase.tgz"},"components":{"analytics":"https://www.gstatic.com/firebasejs/9.17.1/firebase-analytics.js","app":"https://www.gstatic.com/firebasejs/9.17.1/firebase-app.js","app-check":"https://www.gstatic.com/firebasejs/9.17.1/firebase-app-check.js","auth":"https://www.gstatic.com/firebasejs/9.17.1/firebase-auth.js","auth/cordova":"https://www.gstatic.com/firebasejs/9.17.1/firebase-auth/cordova.js","auth/react-native":"https://www.gstatic.com/firebasejs/9.17.1/firebase-auth/react-native.js","functions":"https://www.gstatic.com/firebasejs/9.17.1/firebase-functions.js","firestore":"https://www.gstatic.com/firebasejs/9.17.1/firebase-firestore.js","firestore/lite":"https://www.gstatic.com/firebasejs/9.17.1/firebase-firestore/lite.js","installations":"https://www.gstatic.com/firebasejs/9.17.1/firebase-installations.js","storage":"https://www.gstatic.com/firebasejs/9.17.1/firebase-storage.js","performance":"https://www.gstatic.com/firebasejs/9.17.1/firebase-performance.js","remote-config":"https://www.gstatic.com/firebasejs/9.17.1/firebase-remote-config.js","messaging":"https://www.gstatic.com/firebasejs/9.17.1/firebase-messaging.js","messaging/sw":"https://www.gstatic.com/firebasejs/9.17.1/firebase-messaging/sw.js","database":"https://www.gstatic.com/firebasejs/9.17.1/firebase-database.js","firestore.memory":"https://www.gstatic.com/firebasejs/9.17.1/firebase-firestore.memory.js"}}
[info] +  Wrote public/index.html 
[info] 
[info] i  Detected a .git folder at C:\Projects\sns-worktime-calculator 
[info] i  Authorizing with GitHub to upload your service account to a GitHub repository's secrets store. 
[info] 
[info] Visit this URL on this device to log in:
[info] https://github.com/login/oauth/authorize?client_id=89cf50f02ac6aaed3484&state=743848225&redirect_uri=http%3A%2F%2Flocalhost%3A9005&scope=read%3Auser%20repo%20public_repo
[info] 
[info] Waiting for authentication...
[debug] [2023-02-18T22:24:51.426Z] >>> [apiv2][query] POST https://github.com/login/oauth/access_token [none]
[debug] [2023-02-18T22:24:51.427Z] >>> [apiv2][body] POST https://github.com/login/oauth/access_token [stream]
[debug] [2023-02-18T22:24:52.236Z] <<< [apiv2][status] POST https://github.com/login/oauth/access_token 200
[debug] [2023-02-18T22:24:52.237Z] <<< [apiv2][body] POST https://github.com/login/oauth/access_token {"access_token":"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","token_type":"bearer","scope":"read:user,repo"}
[debug] [2023-02-18T22:24:52.249Z] >>> [apiv2][query] GET https://api.github.com/user [none]
[debug] [2023-02-18T22:24:53.054Z] <<< [apiv2][status] GET https://api.github.com/user 200
[debug] [2023-02-18T22:24:53.055Z] <<< [apiv2][body] GET https://api.github.com/user {"login":"ob-ousman","id":119932291,"node_id":"U_kgDOByYFgw","avatar_url":"https://avatars.githubusercontent.com/u/119932291?v=4","gravatar_id":"","url":"https://api.github.com/users/ob-ousman","html_url":"https://github.com/ob-ousman","followers_url":"https://api.github.com/users/ob-ousman/followers","following_url":"https://api.github.com/users/ob-ousman/following{/other_user}","gists_url":"https://api.github.com/users/ob-ousman/gists{/gist_id}","starred_url":"https://api.github.com/users/ob-ousman/starred{/owner}{/repo}","subscriptions_url":"https://api.github.com/users/ob-ousman/subscriptions","organizations_url":"https://api.github.com/users/ob-ousman/orgs","repos_url":"https://api.github.com/users/ob-ousman/repos","events_url":"https://api.github.com/users/ob-ousman/events{/privacy}","received_events_url":"https://api.github.com/users/ob-ousman/received_events","type":"User","site_admin":false,"name":null,"company":null,"blog":"","location":null,"email":null,"hireable":null,"bio":null,"twitter_username":null,"public_repos":0,"public_gists":0,"followers":0,"following":0,"created_at":"2022-12-06T09:48:49Z","updated_at":"2023-02-18T22:21:48Z","private_gists":0,"total_private_repos":3,"owned_private_repos":3,"disk_usage":2213,"collaborators":0,"two_factor_authentication":false,"plan":{"name":"free","space":976562499,"collaborators":0,"private_repos":10000}}
[info] 
[info] +  Success! Logged into GitHub as ob-ousman 
[info] 
[debug] [2023-02-18T22:25:28.361Z] >>> [apiv2][query] GET https://api.github.com/repos/ob-ousman/sns-worktime-calculator/actions/secrets/public-key type=owner
[debug] [2023-02-18T22:25:29.131Z] <<< [apiv2][status] GET https://api.github.com/repos/ob-ousman/sns-worktime-calculator/actions/secrets/public-key 404
[debug] [2023-02-18T22:25:29.132Z] <<< [apiv2][body] GET https://api.github.com/repos/ob-ousman/sns-worktime-calculator/actions/secrets/public-key {"message":"Not Found","documentation_url":"https://docs.github.com/rest/reference/actions#get-a-repository-public-key"}
[debug] [2023-02-18T22:25:31.210Z] >>> [apiv2][query] GET https://api.github.com/repos/ob-ousman/sns-worktime-calculator/actions/secrets/public-key type=owner
[debug] [2023-02-18T22:25:32.113Z] <<< [apiv2][status] GET https://api.github.com/repos/ob-ousman/sns-worktime-calculator/actions/secrets/public-key 404
[debug] [2023-02-18T22:25:32.114Z] <<< [apiv2][body] GET https://api.github.com/repos/ob-ousman/sns-worktime-calculator/actions/secrets/public-key {"message":"Not Found","documentation_url":"https://docs.github.com/rest/reference/actions#get-a-repository-public-key"}
[debug] [2023-02-18T22:25:33.402Z] >>> [apiv2][query] GET https://api.github.com/repos/ob-ousman/sns-worktime-calculator/actions/secrets/public-key type=owner
[debug] [2023-02-18T22:25:34.086Z] <<< [apiv2][status] GET https://api.github.com/repos/ob-ousman/sns-worktime-calculator/actions/secrets/public-key 404
[debug] [2023-02-18T22:25:34.086Z] <<< [apiv2][body] GET https://api.github.com/repos/ob-ousman/sns-worktime-calculator/actions/secrets/public-key {"message":"Not Found","documentation_url":"https://docs.github.com/rest/reference/actions#get-a-repository-public-key"}
[debug] [2023-02-18T22:25:37.848Z] >>> [apiv2][query] GET https://api.github.com/repos//actions/secrets/public-key type=owner
[debug] [2023-02-18T22:25:38.550Z] <<< [apiv2][status] GET https://api.github.com/repos//actions/secrets/public-key 404
[debug] [2023-02-18T22:25:38.550Z] <<< [apiv2][body] GET https://api.github.com/repos//actions/secrets/public-key {"message":"Not Found","documentation_url":"https://docs.github.com/rest"}
[debug] [2023-02-18T22:25:38.891Z] >>> [apiv2][query] GET https://api.github.com/repos//actions/secrets/public-key type=owner
[debug] [2023-02-18T22:25:39.576Z] <<< [apiv2][status] GET https://api.github.com/repos//actions/secrets/public-key 404
[debug] [2023-02-18T22:25:39.577Z] <<< [apiv2][body] GET https://api.github.com/repos//actions/secrets/public-key {"message":"Not Found","documentation_url":"https://docs.github.com/rest"}
[debug] [2023-02-18T22:25:50.538Z] >>> [apiv2][query] GET https://api.github.com/repos/ob-ousman/actions/secrets/public-key type=owner
[debug] [2023-02-18T22:25:51.280Z] <<< [apiv2][status] GET https://api.github.com/repos/ob-ousman/actions/secrets/public-key 404
[debug] [2023-02-18T22:25:51.280Z] <<< [apiv2][body] GET https://api.github.com/repos/ob-ousman/actions/secrets/public-key {"message":"Not Found","documentation_url":"https://docs.github.com/rest"}
[debug] [2023-02-18T22:25:51.948Z] >>> [apiv2][query] GET https://api.github.com/repos/ob-ousman/actions/secrets/public-key type=owner
[debug] [2023-02-18T22:25:52.672Z] <<< [apiv2][status] GET https://api.github.com/repos/ob-ousman/actions/secrets/public-key 404
[debug] [2023-02-18T22:25:52.672Z] <<< [apiv2][body] GET https://api.github.com/repos/ob-ousman/actions/secrets/public-key {"message":"Not Found","documentation_url":"https://docs.github.com/rest"}
